/usr/lib/python3.6/site-packages/psycopg2/__init__.py:144: UserWarning: The psycopg2 wheel package will be renamed from release 2.8; in order to keep installing from binary please use "pip install psycopg2-binary" instead. For details see: <http://initd.org/psycopg/docs/install.html#binary-install-from-pypi>.
  """)
/usr/lib/python3.6/site-packages/psycopg2/__init__.py:144: UserWarning: The psycopg2 wheel package will be renamed from release 2.8; in order to keep installing from binary please use "pip install psycopg2-binary" instead. For details see: <http://initd.org/psycopg/docs/install.html#binary-install-from-pypi>.
  """)
/usr/lib/python3.6/site-packages/psycopg2/__init__.py:144: UserWarning: The psycopg2 wheel package will be renamed from release 2.8; in order to keep installing from binary please use "pip install psycopg2-binary" instead. For details see: <http://initd.org/psycopg/docs/install.html#binary-install-from-pypi>.
  """)
/usr/lib/python3.6/site-packages/psycopg2/__init__.py:144: UserWarning: The psycopg2 wheel package will be renamed from release 2.8; in order to keep installing from binary please use "pip install psycopg2-binary" instead. For details see: <http://initd.org/psycopg/docs/install.html#binary-install-from-pypi>.
  """)
/usr/lib/python3.6/site-packages/psycopg2/__init__.py:144: UserWarning: The psycopg2 wheel package will be renamed from release 2.8; in order to keep installing from binary please use "pip install psycopg2-binary" instead. For details see: <http://initd.org/psycopg/docs/install.html#binary-install-from-pypi>.
  """)
/usr/lib/python3.6/site-packages/psycopg2/__init__.py:144: UserWarning: The psycopg2 wheel package will be renamed from release 2.8; in order to keep installing from binary please use "pip install psycopg2-binary" instead. For details see: <http://initd.org/psycopg/docs/install.html#binary-install-from-pypi>.
  """)
/usr/lib/python3.6/site-packages/psycopg2/__init__.py:144: UserWarning: The psycopg2 wheel package will be renamed from release 2.8; in order to keep installing from binary please use "pip install psycopg2-binary" instead. For details see: <http://initd.org/psycopg/docs/install.html#binary-install-from-pypi>.
  """)
/usr/lib/python3.6/site-packages/psycopg2/__init__.py:144: UserWarning: The psycopg2 wheel package will be renamed from release 2.8; in order to keep installing from binary please use "pip install psycopg2-binary" instead. For details see: <http://initd.org/psycopg/docs/install.html#binary-install-from-pypi>.
  """)
/usr/lib/python3.6/site-packages/psycopg2/__init__.py:144: UserWarning: The psycopg2 wheel package will be renamed from release 2.8; in order to keep installing from binary please use "pip install psycopg2-binary" instead. For details see: <http://initd.org/psycopg/docs/install.html#binary-install-from-pypi>.
  """)
[12/Apr/2019 05:13:44] "GET /admin/url_short/fellaurl/add/ HTTP/1.1" 200 24903
[12/Apr/2019 05:13:46] "GET /admin/jsi18n/ HTTP/1.1" 200 3185
Invalid HTTP_HOST header: 'fidly.in'. You may need to add 'fidly.in' to ALLOWED_HOSTS.
[12/Apr/2019 05:31:48] "GET /?reqp=1&reqr= HTTP/1.1" 400 60324
[12/Apr/2019 05:32:42] "GET /admin/url_short/fellaurl/add/ HTTP/1.1" 200 24903
[12/Apr/2019 05:32:45] "GET /admin/jsi18n/ HTTP/1.1" 200 3185
Performing system checks...

System check identified no issues (0 silenced).
April 12, 2019 - 05:13:35
Django version 2.0.8, using settings 'mysite.settings'
Starting development server at http://0.0.0.0:80/
Quit the server with CONTROL-C.
Traceback (most recent call last):
  File "manage.py", line 22, in <module>
    execute_from_command_line(sys.argv)
  File "/usr/lib/python3.6/site-packages/django/core/management/__init__.py", line 371, in execute_from_command_line
    utility.execute()
  File "/usr/lib/python3.6/site-packages/django/core/management/__init__.py", line 317, in execute
    settings.INSTALLED_APPS
  File "/usr/lib/python3.6/site-packages/django/conf/__init__.py", line 56, in __getattr__
    self._setup(name)
  File "/usr/lib/python3.6/site-packages/django/conf/__init__.py", line 43, in _setup
    self._wrapped = Settings(settings_module)
  File "/usr/lib/python3.6/site-packages/django/conf/__init__.py", line 106, in __init__
    mod = importlib.import_module(self.SETTINGS_MODULE)
  File "/usr/lib/python3.6/importlib/__init__.py", line 126, in import_module
    return _bootstrap._gcd_import(name[level:], package, level)
  File "<frozen importlib._bootstrap>", line 994, in _gcd_import
  File "<frozen importlib._bootstrap>", line 971, in _find_and_load
  File "<frozen importlib._bootstrap>", line 955, in _find_and_load_unlocked
  File "<frozen importlib._bootstrap>", line 665, in _load_unlocked
  File "<frozen importlib._bootstrap_external>", line 674, in exec_module
  File "<frozen importlib._bootstrap_external>", line 781, in get_code
  File "<frozen importlib._bootstrap_external>", line 741, in source_to_code
  File "<frozen importlib._bootstrap>", line 219, in _call_with_frames_removed
  File "/home/fidly/src/mysite/settings.py", line 28
    ALLOWED_HOSTS = ['35.200.129.159'. 'www.fidly.in']
                                                    ^
SyntaxError: invalid syntax
/usr/lib/python3.6/site-packages/psycopg2/__init__.py:144: UserWarning: The psycopg2 wheel package will be renamed from release 2.8; in order to keep installing from binary please use "pip install psycopg2-binary" instead. For details see: <http://initd.org/psycopg/docs/install.html#binary-install-from-pypi>.
  """)
Traceback (most recent call last):
  File "manage.py", line 22, in <module>
    execute_from_command_line(sys.argv)
  File "/usr/lib/python3.6/site-packages/django/core/management/__init__.py", line 371, in execute_from_command_line
    utility.execute()
  File "/usr/lib/python3.6/site-packages/django/core/management/__init__.py", line 317, in execute
    settings.INSTALLED_APPS
  File "/usr/lib/python3.6/site-packages/django/conf/__init__.py", line 56, in __getattr__
    self._setup(name)
  File "/usr/lib/python3.6/site-packages/django/conf/__init__.py", line 43, in _setup
    self._wrapped = Settings(settings_module)
  File "/usr/lib/python3.6/site-packages/django/conf/__init__.py", line 106, in __init__
    mod = importlib.import_module(self.SETTINGS_MODULE)
  File "/usr/lib/python3.6/importlib/__init__.py", line 126, in import_module
    return _bootstrap._gcd_import(name[level:], package, level)
  File "<frozen importlib._bootstrap>", line 994, in _gcd_import
  File "<frozen importlib._bootstrap>", line 971, in _find_and_load
  File "<frozen importlib._bootstrap>", line 955, in _find_and_load_unlocked
  File "<frozen importlib._bootstrap>", line 665, in _load_unlocked
  File "<frozen importlib._bootstrap_external>", line 674, in exec_module
  File "<frozen importlib._bootstrap_external>", line 781, in get_code
  File "<frozen importlib._bootstrap_external>", line 741, in source_to_code
  File "<frozen importlib._bootstrap>", line 219, in _call_with_frames_removed
  File "/home/fidly/src/mysite/settings.py", line 28
    ALLOWED_HOSTS = ['35.200.129.159'. 'www.fidly.in']
                                                    ^
SyntaxError: invalid syntax
Traceback (most recent call last):
  File "manage.py", line 22, in <module>
    execute_from_command_line(sys.argv)
  File "/usr/lib/python3.6/site-packages/django/core/management/__init__.py", line 371, in execute_from_command_line
    utility.execute()
  File "/usr/lib/python3.6/site-packages/django/core/management/__init__.py", line 317, in execute
    settings.INSTALLED_APPS
  File "/usr/lib/python3.6/site-packages/django/conf/__init__.py", line 56, in __getattr__
    self._setup(name)
  File "/usr/lib/python3.6/site-packages/django/conf/__init__.py", line 43, in _setup
    self._wrapped = Settings(settings_module)
  File "/usr/lib/python3.6/site-packages/django/conf/__init__.py", line 106, in __init__
    mod = importlib.import_module(self.SETTINGS_MODULE)
  File "/usr/lib/python3.6/importlib/__init__.py", line 126, in import_module
    return _bootstrap._gcd_import(name[level:], package, level)
  File "<frozen importlib._bootstrap>", line 994, in _gcd_import
  File "<frozen importlib._bootstrap>", line 971, in _find_and_load
  File "<frozen importlib._bootstrap>", line 955, in _find_and_load_unlocked
  File "<frozen importlib._bootstrap>", line 665, in _load_unlocked
  File "<frozen importlib._bootstrap_external>", line 674, in exec_module
  File "<frozen importlib._bootstrap_external>", line 781, in get_code
  File "<frozen importlib._bootstrap_external>", line 741, in source_to_code
  File "<frozen importlib._bootstrap>", line 219, in _call_with_frames_removed
  File "/home/fidly/src/mysite/settings.py", line 28
    ALLOWED_HOSTS = ['35.200.129.159'. 'www.fidly.in']
                                                    ^
SyntaxError: invalid syntax
/usr/lib/python3.6/site-packages/psycopg2/__init__.py:144: UserWarning: The psycopg2 wheel package will be renamed from release 2.8; in order to keep installing from binary please use "pip install psycopg2-binary" instead. For details see: <http://initd.org/psycopg/docs/install.html#binary-install-from-pypi>.
  """)
/usr/lib/python3.6/site-packages/psycopg2/__init__.py:144: UserWarning: The psycopg2 wheel package will be renamed from release 2.8; in order to keep installing from binary please use "pip install psycopg2-binary" instead. For details see: <http://initd.org/psycopg/docs/install.html#binary-install-from-pypi>.
  """)
/usr/lib/python3.6/site-packages/psycopg2/__init__.py:144: UserWarning: The psycopg2 wheel package will be renamed from release 2.8; in order to keep installing from binary please use "pip install psycopg2-binary" instead. For details see: <http://initd.org/psycopg/docs/install.html#binary-install-from-pypi>.
  """)
/usr/lib/python3.6/site-packages/psycopg2/__init__.py:144: UserWarning: The psycopg2 wheel package will be renamed from release 2.8; in order to keep installing from binary please use "pip install psycopg2-binary" instead. For details see: <http://initd.org/psycopg/docs/install.html#binary-install-from-pypi>.
  """)
/usr/lib/python3.6/site-packages/psycopg2/__init__.py:144: UserWarning: The psycopg2 wheel package will be renamed from release 2.8; in order to keep installing from binary please use "pip install psycopg2-binary" instead. For details see: <http://initd.org/psycopg/docs/install.html#binary-install-from-pypi>.
  """)
[12/Apr/2019 06:02:36] "GET /j8j8/ HTTP/1.1" 302 0
[12/Apr/2019 06:03:23] "GET /j8j8/ HTTP/1.1" 302 0
Not Found: /MaQTZ/WkTQZ/j8j8/
[12/Apr/2019 06:04:22] "GET /MaQTZ/WkTQZ/j8j8/ HTTP/1.1" 404 2342
[12/Apr/2019 06:05:21] "GET /j8j8/ HTTP/1.1" 302 0
[12/Apr/2019 06:07:38] "GET /j8j8/ HTTP/1.1" 302 0
[12/Apr/2019 06:08:57] "GET /j8j8/ HTTP/1.1" 302 0
[12/Apr/2019 06:10:37] "GET /admin/url_short/fellaurl/ HTTP/1.1" 200 13377
[12/Apr/2019 06:10:38] "GET /static/grappelli/jquery/ui/jquery-ui.min.css HTTP/1.1" 304 0
[12/Apr/2019 06:10:38] "GET /static/grappelli/stylesheets/screen.css HTTP/1.1" 304 0
[12/Apr/2019 06:10:38] "GET /static/grappelli/stylesheets/mueller/grid/output.css HTTP/1.1" 304 0
[12/Apr/2019 06:10:38] "GET /static/grappelli/jquery/jquery.min.js HTTP/1.1" 304 0
[12/Apr/2019 06:10:38] "GET /static/grappelli/jquery/ui/jquery-ui.min.js HTTP/1.1" 304 0
[12/Apr/2019 06:10:38] "GET /static/grappelli/js/grappelli.min.js HTTP/1.1" 304 0
[12/Apr/2019 06:10:40] "GET /admin/jsi18n/ HTTP/1.1" 200 3185
[12/Apr/2019 06:12:54] "GET /j8j8/ HTTP/1.1" 302 0
Not Found: /NOnZZ/j8j8
[12/Apr/2019 06:19:51] "GET /NOnZZ/j8j8 HTTP/1.1" 404 2321
Not Found: /LNXNZ/QljjZ/NhSUZ/favicon.ico
[12/Apr/2019 06:19:54] "GET /LNXNZ/QljjZ/NhSUZ/favicon.ico HTTP/1.1" 404 2378
[12/Apr/2019 06:20:11] "GET /j8j8 HTTP/1.1" 301 0
[12/Apr/2019 06:20:14] "GET /j8j8/ HTTP/1.1" 302 0
[12/Apr/2019 06:20:29] "GET /j8j8/ HTTP/1.1" 302 0
[12/Apr/2019 06:27:06] "GET /admin/url_short/fellaurl/ HTTP/1.1" 200 13377
[12/Apr/2019 06:27:06] "GET /static/admin/js/vendor/jquery/jquery.js HTTP/1.1" 304 0
[12/Apr/2019 06:27:06] "GET /static/admin/js/jquery.init.js HTTP/1.1" 304 0
[12/Apr/2019 06:27:06] "GET /static/admin/js/core.js HTTP/1.1" 304 0
[12/Apr/2019 06:27:06] "GET /static/admin/js/admin/RelatedObjectLookups.js HTTP/1.1" 304 0
[12/Apr/2019 06:27:06] "GET /static/admin/js/actions.js HTTP/1.1" 304 0
[12/Apr/2019 06:27:07] "GET /static/admin/js/urlify.js HTTP/1.1" 304 0
[12/Apr/2019 06:27:07] "GET /static/admin/js/vendor/xregexp/xregexp.js HTTP/1.1" 304 0
[12/Apr/2019 06:27:07] "GET /static/admin/js/prepopulate.js HTTP/1.1" 304 0
[12/Apr/2019 06:27:08] "GET /admin/jsi18n/ HTTP/1.1" 200 3185
[12/Apr/2019 06:27:09] "GET /static/grappelli/images/icons-s79f97b581c.png HTTP/1.1" 304 0
[12/Apr/2019 06:27:09] "GET /static/grappelli/images/icons/form-select.png HTTP/1.1" 304 0
[12/Apr/2019 06:36:07] "GET /j8j8 HTTP/1.1" 301 0
[12/Apr/2019 06:36:11] "GET /j8j8/ HTTP/1.1" 302 0
[12/Apr/2019 06:36:25] "GET /j8j8 HTTP/1.1" 301 0
[12/Apr/2019 06:36:28] "GET /j8j8/ HTTP/1.1" 302 0
Performing system checks...

System check identified no issues (0 silenced).
April 12, 2019 - 06:02:28
Django version 2.0.8, using settings 'mysite.settings'
Starting development server at http://0.0.0.0:80/
Quit the server with CONTROL-C.
3
4
5
6
7
8
9
10
11
12
/usr/lib/python3.6/site-packages/psycopg2/__init__.py:144: UserWarning: The psycopg2 wheel package will be renamed from release 2.8; in order to keep installing from binary please use "pip install psycopg2-binary" instead. For details see: <http://initd.org/psycopg/docs/install.html#binary-install-from-pypi>.
  """)
[12/Apr/2019 06:38:01] "GET /j8j8/ HTTP/1.1" 302 0
[12/Apr/2019 06:38:38] "GET /876gg HTTP/1.1" 301 0
[12/Apr/2019 06:38:40] "GET /876gg/ HTTP/1.1" 404 975
[12/Apr/2019 06:38:44] "GET /favicon.ico HTTP/1.1" 404 975
[12/Apr/2019 06:59:02] "GET / HTTP/1.1" 200 1797
[12/Apr/2019 07:11:46] "GET /admin/url_short/fellaurl/ HTTP/1.1" 200 13393
[12/Apr/2019 07:11:46] "GET /static/admin/js/vendor/jquery/jquery.min.js HTTP/1.1" 404 975
[12/Apr/2019 07:11:46] "GET /static/admin/js/prepopulate.min.js HTTP/1.1" 404 975
[12/Apr/2019 07:11:46] "GET /static/admin/js/actions.min.js HTTP/1.1" 404 975
[12/Apr/2019 07:11:46] "GET /static/admin/js/vendor/xregexp/xregexp.min.js HTTP/1.1" 404 975
[12/Apr/2019 07:11:46] "GET /static/admin/js/vendor/jquery/jquery.min.js HTTP/1.1" 404 975
[12/Apr/2019 07:11:46] "GET /static/admin/img/icon-yes.svg HTTP/1.1" 404 975
[12/Apr/2019 07:11:46] "GET /static/admin/js/actions.min.js HTTP/1.1" 404 975
[12/Apr/2019 07:11:47] "GET /static/admin/js/prepopulate.min.js HTTP/1.1" 404 975
[12/Apr/2019 07:11:47] "GET /static/admin/js/vendor/xregexp/xregexp.min.js HTTP/1.1" 404 975
[12/Apr/2019 07:11:48] "GET /admin/jsi18n/ HTTP/1.1" 200 3185
[12/Apr/2019 07:11:48] "GET /static/grappelli/images/backgrounds/changelist-results.png HTTP/1.1" 404 975
[12/Apr/2019 07:18:00] "GET / HTTP/1.1" 200 1797
[12/Apr/2019 08:54:58] "GET / HTTP/1.1" 200 1797
[12/Apr/2019 09:07:08] "GET /admin/url_short/fellaurl/ HTTP/1.1" 200 13393
[12/Apr/2019 09:07:08] "GET /static/grappelli/jquery/ui/jquery-ui.min.css HTTP/1.1" 404 975
[12/Apr/2019 09:07:08] "GET /static/grappelli/stylesheets/screen.css HTTP/1.1" 404 975
[12/Apr/2019 09:07:08] "GET /static/grappelli/stylesheets/mueller/grid/output.css HTTP/1.1" 404 975
[12/Apr/2019 09:07:08] "GET /static/admin/js/vendor/jquery/jquery.min.js HTTP/1.1" 404 975
[12/Apr/2019 09:07:08] "GET /static/admin/js/actions.min.js HTTP/1.1" 404 975
[12/Apr/2019 09:07:08] "GET /static/admin/js/prepopulate.min.js HTTP/1.1" 404 975
[12/Apr/2019 09:07:08] "GET /static/admin/js/vendor/xregexp/xregexp.min.js HTTP/1.1" 404 975
[12/Apr/2019 09:07:08] "GET /static/grappelli/jquery/ui/jquery-ui.min.js HTTP/1.1" 404 975
[12/Apr/2019 09:07:08] "GET /static/grappelli/js/grappelli.min.js HTTP/1.1" 404 975
[12/Apr/2019 09:07:10] "GET /admin/jsi18n/ HTTP/1.1" 200 3185
[12/Apr/2019 09:07:42] "GET /admin/url_short/fellaurl/ HTTP/1.1" 200 13393
[12/Apr/2019 09:07:42] "GET /static/grappelli/jquery/ui/jquery-ui.min.css HTTP/1.1" 404 975
[12/Apr/2019 09:07:43] "GET /static/grappelli/stylesheets/screen.css HTTP/1.1" 404 975
[12/Apr/2019 09:07:43] "GET /static/grappelli/stylesheets/mueller/grid/output.css HTTP/1.1" 404 975
[12/Apr/2019 09:07:43] "GET /static/grappelli/jquery/jquery.min.js HTTP/1.1" 404 975
[12/Apr/2019 09:07:43] "GET /static/grappelli/jquery/ui/jquery-ui.min.js HTTP/1.1" 404 975
[12/Apr/2019 09:07:43] "GET /static/grappelli/js/grappelli.min.js HTTP/1.1" 404 975
[12/Apr/2019 09:08:01] "GET /admin/url_short/fellaurl/ HTTP/1.1" 200 13393
[12/Apr/2019 09:08:01] "GET /static/grappelli/jquery/ui/jquery-ui.min.css HTTP/1.1" 404 975
[12/Apr/2019 09:08:02] "GET /static/grappelli/stylesheets/screen.css HTTP/1.1" 404 975
[12/Apr/2019 09:08:02] "GET /static/grappelli/stylesheets/mueller/grid/output.css HTTP/1.1" 404 975
[12/Apr/2019 09:08:03] "GET /static/grappelli/stylesheets/screen.css HTTP/1.1" 404 975
[12/Apr/2019 09:08:03] "GET /static/grappelli/stylesheets/mueller/grid/output.css HTTP/1.1" 404 975
[12/Apr/2019 09:08:03] "GET /static/admin/img/icon-yes.svg HTTP/1.1" 404 975
[12/Apr/2019 09:08:04] "GET /favicon.ico HTTP/1.1" 404 975
[12/Apr/2019 09:08:13] "GET /admin/url_short/fellaurl/ HTTP/1.1" 200 13393
[12/Apr/2019 09:08:13] "GET /static/grappelli/jquery/ui/jquery-ui.min.css HTTP/1.1" 404 975
[12/Apr/2019 09:08:13] "GET /static/grappelli/stylesheets/screen.css HTTP/1.1" 404 975
[12/Apr/2019 09:08:13] "GET /static/grappelli/stylesheets/mueller/grid/output.css HTTP/1.1" 404 975
[12/Apr/2019 09:08:13] "GET /static/admin/img/icon-yes.svg HTTP/1.1" 404 975
[12/Apr/2019 09:08:22] "GET /admin/url_short/fellaurl/ HTTP/1.1" 200 13393
[12/Apr/2019 09:08:22] "GET /static/grappelli/jquery/ui/jquery-ui.min.css HTTP/1.1" 404 975
[12/Apr/2019 09:08:22] "GET /static/grappelli/stylesheets/screen.css HTTP/1.1" 404 975
[12/Apr/2019 09:08:22] "GET /static/grappelli/stylesheets/mueller/grid/output.css HTTP/1.1" 404 975
[12/Apr/2019 09:08:22] "GET /static/grappelli/jquery/jquery.min.js HTTP/1.1" 404 975
[12/Apr/2019 09:08:22] "GET /static/grappelli/jquery/ui/jquery-ui.min.js HTTP/1.1" 404 975
[12/Apr/2019 09:08:22] "GET /static/grappelli/js/grappelli.min.js HTTP/1.1" 404 975
[12/Apr/2019 09:08:22] "GET /static/admin/js/vendor/jquery/jquery.min.js HTTP/1.1" 404 975
[12/Apr/2019 09:08:22] "GET /static/admin/js/jquery.init.js HTTP/1.1" 404 975
[12/Apr/2019 09:08:22] "GET /static/admin/js/core.js HTTP/1.1" 404 975
[12/Apr/2019 09:08:22] "GET /static/admin/js/admin/RelatedObjectLookups.js HTTP/1.1" 404 975
[12/Apr/2019 09:08:22] "GET /static/admin/js/actions.min.js HTTP/1.1" 404 975
[12/Apr/2019 09:08:22] "GET /static/admin/js/urlify.js HTTP/1.1" 404 975
[12/Apr/2019 09:08:22] "GET /static/admin/js/prepopulate.min.js HTTP/1.1" 404 975
[12/Apr/2019 09:08:22] "GET /static/admin/js/vendor/xregexp/xregexp.min.js HTTP/1.1" 404 975
[12/Apr/2019 09:08:22] "GET /static/admin/img/icon-yes.svg HTTP/1.1" 404 975
[12/Apr/2019 09:08:24] "GET /admin/jsi18n/ HTTP/1.1" 200 3185
[12/Apr/2019 09:08:50] "GET / HTTP/1.1" 200 1797
[12/Apr/2019 09:09:17] "GET /admin HTTP/1.1" 301 0
[12/Apr/2019 09:09:20] "GET /admin/ HTTP/1.1" 200 9633
[12/Apr/2019 09:09:20] "GET /static/grappelli/jquery/ui/jquery-ui.min.css HTTP/1.1" 404 975
[12/Apr/2019 09:09:20] "GET /static/grappelli/stylesheets/screen.css HTTP/1.1" 404 975
[12/Apr/2019 09:09:20] "GET /static/grappelli/stylesheets/mueller/grid/output.css HTTP/1.1" 404 975
[12/Apr/2019 09:09:20] "GET /static/grappelli/jquery/jquery.min.js HTTP/1.1" 404 975
[12/Apr/2019 09:09:20] "GET /static/grappelli/jquery/ui/jquery-ui.min.js HTTP/1.1" 404 975
[12/Apr/2019 09:09:20] "GET /static/grappelli/js/grappelli.min.js HTTP/1.1" 404 975
[12/Apr/2019 09:09:37] "GET /admin/ HTTP/1.1" 200 9633
[12/Apr/2019 09:09:38] "GET /static/grappelli/jquery/ui/jquery-ui.min.css HTTP/1.1" 404 975
[12/Apr/2019 09:09:38] "GET /static/grappelli/stylesheets/screen.css HTTP/1.1" 404 975
[12/Apr/2019 09:09:38] "GET /static/grappelli/stylesheets/mueller/grid/output.css HTTP/1.1" 404 975
[12/Apr/2019 09:09:38] "GET /static/grappelli/jquery/jquery.min.js HTTP/1.1" 404 975
[12/Apr/2019 09:09:38] "GET /static/grappelli/jquery/ui/jquery-ui.min.js HTTP/1.1" 404 975
[12/Apr/2019 09:09:38] "GET /static/grappelli/js/grappelli.min.js HTTP/1.1" 404 975
[12/Apr/2019 09:09:38] "GET /static/grappelli/jquery/jquery.min.js HTTP/1.1" 404 975
[12/Apr/2019 09:09:38] "GET /static/grappelli/jquery/ui/jquery-ui.min.js HTTP/1.1" 404 975
[12/Apr/2019 09:09:39] "GET /static/grappelli/js/grappelli.min.js HTTP/1.1" 404 975
[12/Apr/2019 09:09:43] "GET / HTTP/1.1" 200 1797
[12/Apr/2019 09:09:59] "GET /j8j8 HTTP/1.1" 301 0
[12/Apr/2019 09:10:02] "GET /j8j8/ HTTP/1.1" 302 0
[12/Apr/2019 09:10:38] "GET / HTTP/1.1" 200 1797
[12/Apr/2019 09:10:53] "GET /admin/url_short/fellaurl/ HTTP/1.1" 200 13393
[12/Apr/2019 09:10:53] "GET /static/grappelli/jquery/ui/jquery-ui.min.css HTTP/1.1" 404 975
[12/Apr/2019 09:10:53] "GET /static/grappelli/stylesheets/screen.css HTTP/1.1" 404 975
[12/Apr/2019 09:10:53] "GET /static/grappelli/stylesheets/mueller/grid/output.css HTTP/1.1" 404 975
[12/Apr/2019 09:10:53] "GET /static/grappelli/jquery/jquery.min.js HTTP/1.1" 404 975
[12/Apr/2019 09:10:53] "GET /static/grappelli/jquery/ui/jquery-ui.min.js HTTP/1.1" 404 975
[12/Apr/2019 09:10:53] "GET /static/grappelli/js/grappelli.min.js HTTP/1.1" 404 975
[12/Apr/2019 09:10:53] "GET /static/admin/js/vendor/jquery/jquery.min.js HTTP/1.1" 404 975
[12/Apr/2019 09:10:53] "GET /static/admin/js/jquery.init.js HTTP/1.1" 404 975
[12/Apr/2019 09:10:53] "GET /static/admin/js/core.js HTTP/1.1" 404 975
[12/Apr/2019 09:10:53] "GET /static/admin/js/admin/RelatedObjectLookups.js HTTP/1.1" 404 975
[12/Apr/2019 09:10:53] "GET /static/admin/js/actions.min.js HTTP/1.1" 404 975
[12/Apr/2019 09:10:53] "GET /static/admin/js/urlify.js HTTP/1.1" 404 975
[12/Apr/2019 09:10:54] "GET /static/admin/js/prepopulate.min.js HTTP/1.1" 404 975
[12/Apr/2019 09:10:54] "GET /static/admin/js/vendor/xregexp/xregexp.min.js HTTP/1.1" 404 975
[12/Apr/2019 09:10:54] "GET /static/admin/img/icon-yes.svg HTTP/1.1" 404 975
[12/Apr/2019 09:10:56] "GET /admin/jsi18n/ HTTP/1.1" 200 3185
[12/Apr/2019 09:19:02] "GET / HTTP/1.1" 200 1797
[12/Apr/2019 09:19:12] "GET /admin HTTP/1.1" 301 0
[12/Apr/2019 09:19:15] "GET /admin/ HTTP/1.1" 200 9633
[12/Apr/2019 09:19:16] "GET /static/grappelli/jquery/ui/jquery-ui.min.css HTTP/1.1" 404 975
[12/Apr/2019 09:19:16] "GET /static/grappelli/stylesheets/screen.css HTTP/1.1" 404 975
[12/Apr/2019 09:19:16] "GET /static/grappelli/stylesheets/mueller/grid/output.css HTTP/1.1" 404 975
[12/Apr/2019 09:19:16] "GET /static/grappelli/jquery/jquery.min.js HTTP/1.1" 404 975
[12/Apr/2019 09:19:16] "GET /static/grappelli/jquery/ui/jquery-ui.min.js HTTP/1.1" 404 975
[12/Apr/2019 09:19:16] "GET /static/grappelli/js/grappelli.min.js HTTP/1.1" 404 975
[12/Apr/2019 10:10:12] "GET / HTTP/1.1" 200 1797
[12/Apr/2019 10:10:12] "GET /favicon.ico HTTP/1.1" 404 975
[12/Apr/2019 10:10:18] "GET /admin HTTP/1.1" 301 0
[12/Apr/2019 10:10:18] "GET /admin/ HTTP/1.1" 302 0
[12/Apr/2019 10:10:18] "GET /admin/login/?next=/admin/ HTTP/1.1" 200 5928
[12/Apr/2019 10:10:19] "GET /static/grappelli/jquery/ui/jquery-ui.min.css HTTP/1.1" 404 975
[12/Apr/2019 10:10:19] "GET /static/grappelli/stylesheets/mueller/grid/output.css HTTP/1.1" 404 975
[12/Apr/2019 10:10:19] "GET /static/grappelli/stylesheets/screen.css HTTP/1.1" 404 975
[12/Apr/2019 10:10:19] "GET /static/grappelli/jquery/jquery.min.js HTTP/1.1" 404 975
[12/Apr/2019 10:10:19] "GET /static/grappelli/jquery/ui/jquery-ui.min.js HTTP/1.1" 404 975
[12/Apr/2019 10:10:19] "GET /static/grappelli/js/grappelli.min.js HTTP/1.1" 404 975
[12/Apr/2019 10:10:19] "GET /static/grappelli/jquery/jquery.min.js HTTP/1.1" 404 975
[12/Apr/2019 10:10:19] "GET /static/grappelli/jquery/ui/jquery-ui.min.js HTTP/1.1" 404 975
[12/Apr/2019 10:10:19] "GET /static/grappelli/js/grappelli.min.js HTTP/1.1" 404 975
[12/Apr/2019 10:10:20] "GET /favicon.ico HTTP/1.1" 404 975
[12/Apr/2019 10:10:40] "GET /admin/login/?next=/admin/ HTTP/1.1" 200 5928
[12/Apr/2019 10:10:40] "GET /static/grappelli/jquery/ui/jquery-ui.min.css HTTP/1.1" 404 975
[12/Apr/2019 10:10:40] "GET /static/grappelli/stylesheets/mueller/grid/output.css HTTP/1.1" 404 975
[12/Apr/2019 10:10:40] "GET /static/grappelli/jquery/jquery.min.js HTTP/1.1" 404 975
[12/Apr/2019 10:10:40] "GET /static/grappelli/jquery/ui/jquery-ui.min.js HTTP/1.1" 404 975
[12/Apr/2019 10:10:40] "GET /static/grappelli/stylesheets/screen.css HTTP/1.1" 404 975
[12/Apr/2019 10:10:40] "GET /static/grappelli/js/grappelli.min.js HTTP/1.1" 404 975
[12/Apr/2019 10:10:41] "GET /static/grappelli/jquery/jquery.min.js HTTP/1.1" 404 975
[12/Apr/2019 10:10:41] "GET /static/grappelli/jquery/ui/jquery-ui.min.js HTTP/1.1" 404 975
[12/Apr/2019 10:10:41] "GET /static/grappelli/js/grappelli.min.js HTTP/1.1" 404 975
[12/Apr/2019 10:10:41] "GET /favicon.ico HTTP/1.1" 404 975
